<?xml version="1.0" encoding="UTF-8"?>
<testsuite name="com.optfs.service.DemoRequestTest" tests="5" skipped="0" failures="0" errors="0" timestamp="2023-03-15T07:00:28" hostname="LIN33002114" time="0.051">
  <properties/>
  <testcase name="addRequest()" classname="com.optfs.service.DemoRequestTest" time="0.005"/>
  <testcase name="getParentById()" classname="com.optfs.service.DemoRequestTest" time="0.009"/>
  <testcase name="updateDemo()" classname="com.optfs.service.DemoRequestTest" time="0.019"/>
  <testcase name="getTutorById()" classname="com.optfs.service.DemoRequestTest" time="0.005"/>
  <testcase name="deleteDemo()" classname="com.optfs.service.DemoRequestTest" time="0.005"/>
  <system-out><![CDATA[2023-03-15 12:30:28.010  INFO 2072 --- [    Test worker] .b.t.c.SpringBootTestContextBootstrapper : Neither @ContextConfiguration nor @ContextHierarchy found for test class [com.optfs.service.DemoRequestTest], using SpringBootContextLoader
2023-03-15 12:30:28.011  INFO 2072 --- [    Test worker] o.s.t.c.support.AbstractContextLoader    : Could not detect default resource locations for test class [com.optfs.service.DemoRequestTest]: no resource found for suffixes {-context.xml, Context.groovy}.
2023-03-15 12:30:28.012  INFO 2072 --- [    Test worker] t.c.s.AnnotationConfigContextLoaderUtils : Could not detect default configuration classes for test class [com.optfs.service.DemoRequestTest]: DemoRequestTest does not declare any static, non-private, non-final, nested classes annotated with @Configuration.
2023-03-15 12:30:28.028  INFO 2072 --- [    Test worker] .b.t.c.SpringBootTestContextBootstrapper : Found @SpringBootConfiguration com.optfs.OnlinePrivateTutorFinderSystemApplication for test class com.optfs.service.DemoRequestTest
2023-03-15 12:30:28.030  INFO 2072 --- [    Test worker] .b.t.c.SpringBootTestContextBootstrapper : Loaded default TestExecutionListener class names from location [META-INF/spring.factories]: [org.springframework.boot.test.autoconfigure.restdocs.RestDocsTestExecutionListener, org.springframework.boot.test.autoconfigure.web.client.MockRestServiceServerResetTestExecutionListener, org.springframework.boot.test.autoconfigure.web.servlet.MockMvcPrintOnlyOnFailureTestExecutionListener, org.springframework.boot.test.autoconfigure.web.servlet.WebDriverTestExecutionListener, org.springframework.boot.test.autoconfigure.webservices.client.MockWebServiceServerTestExecutionListener, org.springframework.boot.test.mock.mockito.MockitoTestExecutionListener, org.springframework.boot.test.mock.mockito.ResetMocksTestExecutionListener, org.springframework.test.context.web.ServletTestExecutionListener, org.springframework.test.context.support.DirtiesContextBeforeModesTestExecutionListener, org.springframework.test.context.event.ApplicationEventsTestExecutionListener, org.springframework.test.context.support.DependencyInjectionTestExecutionListener, org.springframework.test.context.support.DirtiesContextTestExecutionListener, org.springframework.test.context.transaction.TransactionalTestExecutionListener, org.springframework.test.context.jdbc.SqlScriptsTestExecutionListener, org.springframework.test.context.event.EventPublishingTestExecutionListener]
2023-03-15 12:30:28.031  INFO 2072 --- [    Test worker] .b.t.c.SpringBootTestContextBootstrapper : Using TestExecutionListeners: [org.springframework.test.context.web.ServletTestExecutionListener@28d37d43, org.springframework.test.context.support.DirtiesContextBeforeModesTestExecutionListener@2c02cf78, org.springframework.test.context.event.ApplicationEventsTestExecutionListener@3e7fc07e, org.springframework.boot.test.mock.mockito.MockitoTestExecutionListener@29ebaf2f, org.springframework.boot.test.autoconfigure.SpringBootDependencyInjectionTestExecutionListener@1a61f634, org.springframework.test.context.support.DirtiesContextTestExecutionListener@20a2930f, org.springframework.test.context.transaction.TransactionalTestExecutionListener@609edb55, org.springframework.test.context.jdbc.SqlScriptsTestExecutionListener@147892be, org.springframework.test.context.event.EventPublishingTestExecutionListener@13d1653, org.springframework.boot.test.autoconfigure.restdocs.RestDocsTestExecutionListener@3533d790, org.springframework.boot.test.autoconfigure.web.client.MockRestServiceServerResetTestExecutionListener@23e1f610, org.springframework.boot.test.autoconfigure.web.servlet.MockMvcPrintOnlyOnFailureTestExecutionListener@73dc7db0, org.springframework.boot.test.autoconfigure.web.servlet.WebDriverTestExecutionListener@1a3a6216, org.springframework.boot.test.autoconfigure.webservices.client.MockWebServiceServerTestExecutionListener@319ea996, org.springframework.boot.test.mock.mockito.ResetMocksTestExecutionListener@1de398c3]
]]></system-out>
  <system-err><![CDATA[]]></system-err>
</testsuite>
