<?xml version="1.0" encoding="UTF-8"?>
<testsuite name="com.optfs.TutorTest" tests="4" skipped="0" failures="0" errors="0" timestamp="2023-03-15T07:00:27" hostname="LIN33002114" time="0.03">
  <properties/>
  <testcase name="deleteTutor()" classname="com.optfs.TutorTest" time="0.009"/>
  <testcase name="saveTutorWithNoEmail()" classname="com.optfs.TutorTest" time="0.005"/>
  <testcase name="updateTutor()" classname="com.optfs.TutorTest" time="0.006"/>
  <testcase name="getTutorById()" classname="com.optfs.TutorTest" time="0.005"/>
  <system-out><![CDATA[2023-03-15 12:30:27.967  INFO 2072 --- [    Test worker] .b.t.c.SpringBootTestContextBootstrapper : Neither @ContextConfiguration nor @ContextHierarchy found for test class [com.optfs.TutorTest], using SpringBootContextLoader
2023-03-15 12:30:27.968  INFO 2072 --- [    Test worker] o.s.t.c.support.AbstractContextLoader    : Could not detect default resource locations for test class [com.optfs.TutorTest]: no resource found for suffixes {-context.xml, Context.groovy}.
2023-03-15 12:30:27.968  INFO 2072 --- [    Test worker] t.c.s.AnnotationConfigContextLoaderUtils : Could not detect default configuration classes for test class [com.optfs.TutorTest]: TutorTest does not declare any static, non-private, non-final, nested classes annotated with @Configuration.
2023-03-15 12:30:27.970  INFO 2072 --- [    Test worker] .b.t.c.SpringBootTestContextBootstrapper : Found @SpringBootConfiguration com.optfs.OnlinePrivateTutorFinderSystemApplication for test class com.optfs.TutorTest
2023-03-15 12:30:27.973  INFO 2072 --- [    Test worker] .b.t.c.SpringBootTestContextBootstrapper : Loaded default TestExecutionListener class names from location [META-INF/spring.factories]: [org.springframework.boot.test.autoconfigure.restdocs.RestDocsTestExecutionListener, org.springframework.boot.test.autoconfigure.web.client.MockRestServiceServerResetTestExecutionListener, org.springframework.boot.test.autoconfigure.web.servlet.MockMvcPrintOnlyOnFailureTestExecutionListener, org.springframework.boot.test.autoconfigure.web.servlet.WebDriverTestExecutionListener, org.springframework.boot.test.autoconfigure.webservices.client.MockWebServiceServerTestExecutionListener, org.springframework.boot.test.mock.mockito.MockitoTestExecutionListener, org.springframework.boot.test.mock.mockito.ResetMocksTestExecutionListener, org.springframework.test.context.web.ServletTestExecutionListener, org.springframework.test.context.support.DirtiesContextBeforeModesTestExecutionListener, org.springframework.test.context.event.ApplicationEventsTestExecutionListener, org.springframework.test.context.support.DependencyInjectionTestExecutionListener, org.springframework.test.context.support.DirtiesContextTestExecutionListener, org.springframework.test.context.transaction.TransactionalTestExecutionListener, org.springframework.test.context.jdbc.SqlScriptsTestExecutionListener, org.springframework.test.context.event.EventPublishingTestExecutionListener]
2023-03-15 12:30:27.974  INFO 2072 --- [    Test worker] .b.t.c.SpringBootTestContextBootstrapper : Using TestExecutionListeners: [org.springframework.test.context.web.ServletTestExecutionListener@4a7427f9, org.springframework.test.context.support.DirtiesContextBeforeModesTestExecutionListener@155767a7, org.springframework.test.context.event.ApplicationEventsTestExecutionListener@5418a659, org.springframework.boot.test.mock.mockito.MockitoTestExecutionListener@46067a74, org.springframework.boot.test.autoconfigure.SpringBootDependencyInjectionTestExecutionListener@2d26c6a2, org.springframework.test.context.support.DirtiesContextTestExecutionListener@362e6fe, org.springframework.test.context.transaction.TransactionalTestExecutionListener@1259b2a5, org.springframework.test.context.jdbc.SqlScriptsTestExecutionListener@6779af40, org.springframework.test.context.event.EventPublishingTestExecutionListener@7cf166db, org.springframework.boot.test.autoconfigure.restdocs.RestDocsTestExecutionListener@68303aad, org.springframework.boot.test.autoconfigure.web.client.MockRestServiceServerResetTestExecutionListener@37a36194, org.springframework.boot.test.autoconfigure.web.servlet.MockMvcPrintOnlyOnFailureTestExecutionListener@1d0acb8f, org.springframework.boot.test.autoconfigure.web.servlet.WebDriverTestExecutionListener@6abaa14b, org.springframework.boot.test.autoconfigure.webservices.client.MockWebServiceServerTestExecutionListener@3b60be3, org.springframework.boot.test.mock.mockito.ResetMocksTestExecutionListener@2f3565c0]
]]></system-out>
  <system-err><![CDATA[]]></system-err>
</testsuite>
