<?xml version="1.0" encoding="UTF-8"?>
<testsuite name="com.optfs.OnlinePrivateTutorFinderSystemApplicationTests" tests="1" skipped="0" failures="0" errors="0" timestamp="2023-03-15T07:00:27" hostname="LIN33002114" time="0.005">
  <properties/>
  <testcase name="contextLoads()" classname="com.optfs.OnlinePrivateTutorFinderSystemApplicationTests" time="0.005"/>
  <system-out><![CDATA[2023-03-15 12:30:27.782  INFO 2072 --- [    Test worker] .b.t.c.SpringBootTestContextBootstrapper : Neither @ContextConfiguration nor @ContextHierarchy found for test class [com.optfs.OnlinePrivateTutorFinderSystemApplicationTests], using SpringBootContextLoader
2023-03-15 12:30:27.783  INFO 2072 --- [    Test worker] o.s.t.c.support.AbstractContextLoader    : Could not detect default resource locations for test class [com.optfs.OnlinePrivateTutorFinderSystemApplicationTests]: no resource found for suffixes {-context.xml, Context.groovy}.
2023-03-15 12:30:27.783  INFO 2072 --- [    Test worker] t.c.s.AnnotationConfigContextLoaderUtils : Could not detect default configuration classes for test class [com.optfs.OnlinePrivateTutorFinderSystemApplicationTests]: OnlinePrivateTutorFinderSystemApplicationTests does not declare any static, non-private, non-final, nested classes annotated with @Configuration.
2023-03-15 12:30:27.785  INFO 2072 --- [    Test worker] .b.t.c.SpringBootTestContextBootstrapper : Found @SpringBootConfiguration com.optfs.OnlinePrivateTutorFinderSystemApplication for test class com.optfs.OnlinePrivateTutorFinderSystemApplicationTests
2023-03-15 12:30:27.787  INFO 2072 --- [    Test worker] .b.t.c.SpringBootTestContextBootstrapper : Loaded default TestExecutionListener class names from location [META-INF/spring.factories]: [org.springframework.boot.test.autoconfigure.restdocs.RestDocsTestExecutionListener, org.springframework.boot.test.autoconfigure.web.client.MockRestServiceServerResetTestExecutionListener, org.springframework.boot.test.autoconfigure.web.servlet.MockMvcPrintOnlyOnFailureTestExecutionListener, org.springframework.boot.test.autoconfigure.web.servlet.WebDriverTestExecutionListener, org.springframework.boot.test.autoconfigure.webservices.client.MockWebServiceServerTestExecutionListener, org.springframework.boot.test.mock.mockito.MockitoTestExecutionListener, org.springframework.boot.test.mock.mockito.ResetMocksTestExecutionListener, org.springframework.test.context.web.ServletTestExecutionListener, org.springframework.test.context.support.DirtiesContextBeforeModesTestExecutionListener, org.springframework.test.context.event.ApplicationEventsTestExecutionListener, org.springframework.test.context.support.DependencyInjectionTestExecutionListener, org.springframework.test.context.support.DirtiesContextTestExecutionListener, org.springframework.test.context.transaction.TransactionalTestExecutionListener, org.springframework.test.context.jdbc.SqlScriptsTestExecutionListener, org.springframework.test.context.event.EventPublishingTestExecutionListener]
2023-03-15 12:30:27.788  INFO 2072 --- [    Test worker] .b.t.c.SpringBootTestContextBootstrapper : Using TestExecutionListeners: [org.springframework.test.context.web.ServletTestExecutionListener@4b3eaf39, org.springframework.test.context.support.DirtiesContextBeforeModesTestExecutionListener@d6879bf, org.springframework.test.context.event.ApplicationEventsTestExecutionListener@154208f2, org.springframework.boot.test.mock.mockito.MockitoTestExecutionListener@318a81a0, org.springframework.boot.test.autoconfigure.SpringBootDependencyInjectionTestExecutionListener@f73a7cf, org.springframework.test.context.support.DirtiesContextTestExecutionListener@4198921f, org.springframework.test.context.transaction.TransactionalTestExecutionListener@44181746, org.springframework.test.context.jdbc.SqlScriptsTestExecutionListener@21fa19e4, org.springframework.test.context.event.EventPublishingTestExecutionListener@33a58fcb, org.springframework.boot.test.autoconfigure.restdocs.RestDocsTestExecutionListener@36a8ebca, org.springframework.boot.test.autoconfigure.web.client.MockRestServiceServerResetTestExecutionListener@328e687e, org.springframework.boot.test.autoconfigure.web.servlet.MockMvcPrintOnlyOnFailureTestExecutionListener@434a72f2, org.springframework.boot.test.autoconfigure.web.servlet.WebDriverTestExecutionListener@5c8e7687, org.springframework.boot.test.autoconfigure.webservices.client.MockWebServiceServerTestExecutionListener@2d093067, org.springframework.boot.test.mock.mockito.ResetMocksTestExecutionListener@6c056020]
]]></system-out>
  <system-err><![CDATA[]]></system-err>
</testsuite>
