<?xml version="1.0" encoding="UTF-8"?>
<testsuite name="com.optfs.AdminTest" tests="4" skipped="0" failures="0" errors="0" timestamp="2023-03-15T07:00:27" hostname="LIN33002114" time="0.374">
  <properties/>
  <testcase name="deleteAdmin()" classname="com.optfs.AdminTest" time="0.349"/>
  <testcase name="updateAdmin()" classname="com.optfs.AdminTest" time="0.006"/>
  <testcase name="getAdminById()" classname="com.optfs.AdminTest" time="0.009"/>
  <testcase name="saveAdminWithNoEmail()" classname="com.optfs.AdminTest" time="0.005"/>
  <system-out><![CDATA[12:30:20.282 [Test worker] DEBUG org.springframework.test.context.BootstrapUtils - Instantiating CacheAwareContextLoaderDelegate from class [org.springframework.test.context.cache.DefaultCacheAwareContextLoaderDelegate]
12:30:20.294 [Test worker] DEBUG org.springframework.test.context.BootstrapUtils - Instantiating BootstrapContext using constructor [public org.springframework.test.context.support.DefaultBootstrapContext(java.lang.Class,org.springframework.test.context.CacheAwareContextLoaderDelegate)]
12:30:20.334 [Test worker] DEBUG org.springframework.test.context.BootstrapUtils - Instantiating TestContextBootstrapper for test class [com.optfs.AdminTest] from class [org.springframework.boot.test.context.SpringBootTestContextBootstrapper]
12:30:20.346 [Test worker] INFO org.springframework.boot.test.context.SpringBootTestContextBootstrapper - Neither @ContextConfiguration nor @ContextHierarchy found for test class [com.optfs.AdminTest], using SpringBootContextLoader
12:30:20.350 [Test worker] DEBUG org.springframework.test.context.support.AbstractContextLoader - Did not detect default resource location for test class [com.optfs.AdminTest]: class path resource [com/optfs/AdminTest-context.xml] does not exist
12:30:20.351 [Test worker] DEBUG org.springframework.test.context.support.AbstractContextLoader - Did not detect default resource location for test class [com.optfs.AdminTest]: class path resource [com/optfs/AdminTestContext.groovy] does not exist
12:30:20.351 [Test worker] INFO org.springframework.test.context.support.AbstractContextLoader - Could not detect default resource locations for test class [com.optfs.AdminTest]: no resource found for suffixes {-context.xml, Context.groovy}.
12:30:20.352 [Test worker] INFO org.springframework.test.context.support.AnnotationConfigContextLoaderUtils - Could not detect default configuration classes for test class [com.optfs.AdminTest]: AdminTest does not declare any static, non-private, non-final, nested classes annotated with @Configuration.
12:30:20.411 [Test worker] DEBUG org.springframework.test.context.support.ActiveProfilesUtils - Could not find an 'annotation declaring class' for annotation type [org.springframework.test.context.ActiveProfiles] and class [com.optfs.AdminTest]
12:30:20.480 [Test worker] DEBUG org.springframework.context.annotation.ClassPathScanningCandidateComponentProvider - Identified candidate component class: file [C:\Users\ssriva37\OneDrive - Capgemini\Desktop\OPTFS\OnlinePrivateTutorFinderSystem\build\classes\java\main\com\optfs\OnlinePrivateTutorFinderSystemApplication.class]
12:30:20.482 [Test worker] INFO org.springframework.boot.test.context.SpringBootTestContextBootstrapper - Found @SpringBootConfiguration com.optfs.OnlinePrivateTutorFinderSystemApplication for test class com.optfs.AdminTest
12:30:20.615 [Test worker] DEBUG org.springframework.boot.test.context.SpringBootTestContextBootstrapper - @TestExecutionListeners is not present for class [com.optfs.AdminTest]: using defaults.
12:30:20.616 [Test worker] INFO org.springframework.boot.test.context.SpringBootTestContextBootstrapper - Loaded default TestExecutionListener class names from location [META-INF/spring.factories]: [org.springframework.boot.test.autoconfigure.restdocs.RestDocsTestExecutionListener, org.springframework.boot.test.autoconfigure.web.client.MockRestServiceServerResetTestExecutionListener, org.springframework.boot.test.autoconfigure.web.servlet.MockMvcPrintOnlyOnFailureTestExecutionListener, org.springframework.boot.test.autoconfigure.web.servlet.WebDriverTestExecutionListener, org.springframework.boot.test.autoconfigure.webservices.client.MockWebServiceServerTestExecutionListener, org.springframework.boot.test.mock.mockito.MockitoTestExecutionListener, org.springframework.boot.test.mock.mockito.ResetMocksTestExecutionListener, org.springframework.test.context.web.ServletTestExecutionListener, org.springframework.test.context.support.DirtiesContextBeforeModesTestExecutionListener, org.springframework.test.context.event.ApplicationEventsTestExecutionListener, org.springframework.test.context.support.DependencyInjectionTestExecutionListener, org.springframework.test.context.support.DirtiesContextTestExecutionListener, org.springframework.test.context.transaction.TransactionalTestExecutionListener, org.springframework.test.context.jdbc.SqlScriptsTestExecutionListener, org.springframework.test.context.event.EventPublishingTestExecutionListener]
12:30:20.637 [Test worker] INFO org.springframework.boot.test.context.SpringBootTestContextBootstrapper - Using TestExecutionListeners: [org.springframework.test.context.web.ServletTestExecutionListener@5f2f577, org.springframework.test.context.support.DirtiesContextBeforeModesTestExecutionListener@6273c5a4, org.springframework.test.context.event.ApplicationEventsTestExecutionListener@5d465e4b, org.springframework.boot.test.mock.mockito.MockitoTestExecutionListener@53e211ee, org.springframework.boot.test.autoconfigure.SpringBootDependencyInjectionTestExecutionListener@41a90fa8, org.springframework.test.context.support.DirtiesContextTestExecutionListener@3d8bbcdc, org.springframework.test.context.transaction.TransactionalTestExecutionListener@52500920, org.springframework.test.context.jdbc.SqlScriptsTestExecutionListener@117e0fe5, org.springframework.test.context.event.EventPublishingTestExecutionListener@18a3962d, org.springframework.boot.test.autoconfigure.restdocs.RestDocsTestExecutionListener@78aea4b9, org.springframework.boot.test.autoconfigure.web.client.MockRestServiceServerResetTestExecutionListener@2a65bb85, org.springframework.boot.test.autoconfigure.web.servlet.MockMvcPrintOnlyOnFailureTestExecutionListener@4b85880b, org.springframework.boot.test.autoconfigure.web.servlet.WebDriverTestExecutionListener@4f936da8, org.springframework.boot.test.autoconfigure.webservices.client.MockWebServiceServerTestExecutionListener@4215838f, org.springframework.boot.test.mock.mockito.ResetMocksTestExecutionListener@452ba1db]
12:30:20.641 [Test worker] DEBUG org.springframework.test.context.support.AbstractDirtiesContextTestExecutionListener - Before test class: context [DefaultTestContext@51df223b testClass = AdminTest, testInstance = [null], testMethod = [null], testException = [null], mergedContextConfiguration = [WebMergedContextConfiguration@fd46303 testClass = AdminTest, locations = '{}', classes = '{class com.optfs.OnlinePrivateTutorFinderSystemApplication}', contextInitializerClasses = '[]', activeProfiles = '{}', propertySourceLocations = '{}', propertySourceProperties = '{org.springframework.boot.test.context.SpringBootTestContextBootstrapper=true}', contextCustomizers = set[org.springframework.boot.test.autoconfigure.actuate.metrics.MetricsExportContextCustomizerFactory$DisableMetricExportContextCustomizer@4748a0f9, org.springframework.boot.test.autoconfigure.properties.PropertyMappingContextCustomizer@0, org.springframework.boot.test.autoconfigure.web.servlet.WebDriverContextCustomizerFactory$Customizer@7241a47d, org.springframework.boot.test.context.filter.ExcludeFilterContextCustomizer@7e3181aa, org.springframework.boot.test.json.DuplicateJsonObjectContextCustomizerFactory$DuplicateJsonObjectContextCustomizer@331acdad, org.springframework.boot.test.mock.mockito.MockitoContextCustomizer@0, org.springframework.boot.test.web.client.TestRestTemplateContextCustomizer@517566b, org.springframework.boot.test.context.SpringBootTestArgs@1, org.springframework.boot.test.context.SpringBootTestWebEnvironment@16a0ee18], resourceBasePath = 'src/main/webapp', contextLoader = 'org.springframework.boot.test.context.SpringBootContextLoader', parent = [null]], attributes = map['org.springframework.test.context.web.ServletTestExecutionListener.activateListener' -> true]], class annotated with @DirtiesContext [false] with mode [null].

  .   ____          _            __ _ _
 /\\ / ___'_ __ _ _(_)_ __  __ _ \ \ \ \
( ( )\___ | '_ | '_| | '_ \/ _` | \ \ \ \
 \\/  ___)| |_)| | | | | || (_| |  ) ) ) )
  '  |____| .__|_| |_|_| |_\__, | / / / /
 =========|_|==============|___/=/_/_/_/
 :: Spring Boot ::               (v2.6.13)

2023-03-15 12:30:21.026  INFO 2072 --- [    Test worker] com.optfs.AdminTest                      : Starting AdminTest using Java 17.0.6 on LIN33002114 with PID 2072 (started by ssriva37 in C:\Users\ssriva37\OneDrive - Capgemini\Desktop\OPTFS\OnlinePrivateTutorFinderSystem)
2023-03-15 12:30:21.028  INFO 2072 --- [    Test worker] com.optfs.AdminTest                      : No active profile set, falling back to 1 default profile: "default"
2023-03-15 12:30:21.924  INFO 2072 --- [    Test worker] .s.d.r.c.RepositoryConfigurationDelegate : Bootstrapping Spring Data JPA repositories in DEFAULT mode.
2023-03-15 12:30:22.048  INFO 2072 --- [    Test worker] .s.d.r.c.RepositoryConfigurationDelegate : Finished Spring Data repository scanning in 110 ms. Found 7 JPA repository interfaces.
2023-03-15 12:30:22.798  INFO 2072 --- [    Test worker] o.hibernate.jpa.internal.util.LogHelper  : HHH000204: Processing PersistenceUnitInfo [name: default]
2023-03-15 12:30:22.891  INFO 2072 --- [    Test worker] org.hibernate.Version                    : HHH000412: Hibernate ORM core version 5.6.12.Final
2023-03-15 12:30:23.141  INFO 2072 --- [    Test worker] o.hibernate.annotations.common.Version   : HCANN000001: Hibernate Commons Annotations {5.1.2.Final}
2023-03-15 12:30:23.307  INFO 2072 --- [    Test worker] com.zaxxer.hikari.HikariDataSource       : HikariPool-1 - Starting...
2023-03-15 12:30:23.587  INFO 2072 --- [    Test worker] com.zaxxer.hikari.HikariDataSource       : HikariPool-1 - Start completed.
2023-03-15 12:30:23.637  INFO 2072 --- [    Test worker] org.hibernate.dialect.Dialect            : HHH000400: Using dialect: org.hibernate.dialect.PostgreSQL10Dialect
2023-03-15 12:30:24.988  INFO 2072 --- [    Test worker] o.h.e.t.j.p.i.JtaPlatformInitiator       : HHH000490: Using JtaPlatform implementation: [org.hibernate.engine.transaction.jta.platform.internal.NoJtaPlatform]
2023-03-15 12:30:24.999  INFO 2072 --- [    Test worker] j.LocalContainerEntityManagerFactoryBean : Initialized JPA EntityManagerFactory for persistence unit 'default'
2023-03-15 12:30:26.410  WARN 2072 --- [    Test worker] JpaBaseConfiguration$JpaWebConfiguration : spring.jpa.open-in-view is enabled by default. Therefore, database queries may be performed during view rendering. Explicitly configure spring.jpa.open-in-view to disable this warning
2023-03-15 12:30:27.367  INFO 2072 --- [    Test worker] com.optfs.AdminTest                      : Started AdminTest in 6.68 seconds (JVM running for 8.16)
]]></system-out>
  <system-err><![CDATA[]]></system-err>
</testsuite>
